#
# A fatal error has been detected by the Java Runtime Environment:
#
#  EXCEPTION_UNCAUGHT_CXX_EXCEPTION (0xe06d7363) at pc=0x00007ffd2a692bdc, pid=9332, tid=0x00000000000011dc
#
# JRE version: Java(TM) SE Runtime Environment (8.0_421) (build 1.8.0_421-b09)
# Java VM: Java HotSpot(TM) 64-Bit Server VM (25.421-b09 mixed mode windows-amd64 compressed oops)
# Problematic frame:
# C  [KERNELBASE.dll+0x52bdc]
#
# Failed to write core dump. Minidumps are not enabled by default on client versions of Windows
#
# If you would like to submit a bug report, please visit:
#   http://bugreport.java.com/bugreport/crash.jsp
# The crash happened outside the Java Virtual Machine in native code.
# See problematic frame for where to report the bug.
#

---------------  T H R E A D  ---------------

Current thread (0x000002e2aa6f5800):  JavaThread "main" [_thread_in_native, id=4572, stack(0x000000f39a000000,0x000000f39a1f0000)]

siginfo: ExceptionCode=0xe06d7363, ExceptionInformation=0x0000000019930520 0x000000f39a1ed040 0x00007ffd10c690b0 0x00007ffd10c00000 

Registers:
RAX=0x00007ffd10c53ae0, RBX=0x00007ffd10c690b0, RCX=0x0000000000000000, RDX=0x0000000000000000
RSP=0x000000f39a1ece30, RBP=0x000000f39a1ed070, RSI=0x000000f39a1ed040, RDI=0x0000000019930520
R8 =0x0000000000000000, R9 =0x0000000000000000, R10=0x0000000000000000, R11=0x000002e2ab889700
R12=0x000000f39a1ed160, R13=0x000002e2ab83cc80, R14=0x000002e2ac69e080, R15=0x000002e2ac6b2540
RIP=0x00007ffd2a692bdc, EFLAGS=0x0000000000000202

Top of Stack: (sp=0x000000f39a1ece30)
0x000000f39a1ece30:   0000000000000000 00007ffd10c690b0
0x000000f39a1ece40:   000000f39a1ed040 000002e2ac69e080
0x000000f39a1ece50:   00000081e06d7363 0000000000000000
0x000000f39a1ece60:   00007ffd2a692bdc 0000000000000004
0x000000f39a1ece70:   0000000019930520 000000f39a1ed040
0x000000f39a1ece80:   00007ffd10c690b0 00007ffd10c00000
0x000000f39a1ece90:   000002e200000000 000000f39a1e0000
0x000000f39a1ecea0:   000000f39a1ed070 00007ffd10c4b407
0x000000f39a1eceb0:   000002e2ac69e080 00007ffd2cf1aa5f
0x000000f39a1ecec0:   000000f39a1ecf30 00007ffd10c70000
0x000000f39a1eced0:   000000f39a1ed040 0000000019930520
0x000000f39a1ecee0:   00007ffd10c70000 00007ffd10c00000
0x000000f39a1ecef0:   0000652cb50ad15c 00007ffd21a168de
0x000000f39a1ecf00:   00007ffd10c690b0 00007ffd21a16ba7
0x000000f39a1ecf10:   000000f39a1ed0b8 0000000000000000
0x000000f39a1ecf20:   000000f39a1ed070 00007ffd10c19071 

Instructions: (pc=0x00007ffd2a692bdc)
0x00007ffd2a692bbc:   0f 46 c0 44 8b c0 44 89 44 24 38 49 c1 e0 03 e8
0x00007ffd2a692bcc:   f7 2b 07 00 48 8d 4c 24 20 48 ff 15 1c 7a 1f 00
0x00007ffd2a692bdc:   0f 1f 44 00 00 48 8b 8c 24 c0 00 00 00 48 33 cc
0x00007ffd2a692bec:   e8 ff 3c 06 00 48 81 c4 d8 00 00 00 c3 cc 83 64 


Register to memory mapping:

RAX=0x00007ffd10c53ae0 is an unknown value
RBX=0x00007ffd10c690b0 is an unknown value
RCX=0x0000000000000000 is an unknown value
RDX=0x0000000000000000 is an unknown value
RSP=0x000000f39a1ece30 is pointing into the stack for thread: 0x000002e2aa6f5800
RBP=0x000000f39a1ed070 is pointing into the stack for thread: 0x000002e2aa6f5800
RSI=0x000000f39a1ed040 is pointing into the stack for thread: 0x000002e2aa6f5800
RDI=0x0000000019930520 is an unknown value
R8 =0x0000000000000000 is an unknown value
R9 =0x0000000000000000 is an unknown value
R10=0x0000000000000000 is an unknown value
R11=0x000002e2ab889700 is an unknown value
R12=0x000000f39a1ed160 is pointing into the stack for thread: 0x000002e2aa6f5800
R13=0x000002e2ab83cc80 is an unknown value
R14=0x000002e2ac69e080 is an unknown value
R15=0x000002e2ac6b2540 is an unknown value


Stack: [0x000000f39a000000,0x000000f39a1f0000],  sp=0x000000f39a1ece30,  free space=1971k
Native frames: (J=compiled Java code, j=interpreted, Vv=VM code, C=native code)
C  [KERNELBASE.dll+0x52bdc]
C  [VCRUNTIME140.dll+0x6ba7]
C  [_jpype.cp312-win_amd64.pyd+0x3df55]
C  [_jpype.cp312-win_amd64.pyd+0x2c35b]
C  0x000002e2ac769a2e

Java frames: (J=compiled Java code, j=interpreted, Vv=VM code)
j  org.jpype.manager.TypeFactoryNative.newWrapper(JJ)V+0
j  org.jpype.JPypeContext.newWrapper(J)V+16
v  ~StubRoutines::call_stub
j  org.jpype.manager.TypeFactoryNative.newWrapper(JJ)V+0
j  org.jpype.JPypeContext.newWrapper(J)V+16
v  ~StubRoutines::call_stub

---------------  P R O C E S S  ---------------

Java Threads: ( => current thread )
  0x000002e2aa6fc000 JavaThread "SIGINT handler" daemon [_thread_blocked, id=10040, stack(0x000000f39cc90000,0x000000f39ce80000)]
  0x000002e2aa6f6000 JavaThread "Service Thread" daemon [_thread_blocked, id=8704, stack(0x000000f39c6c0000,0x000000f39c8b0000)]
  0x000002e2ab499000 JavaThread "C1 CompilerThread2" daemon [_thread_blocked, id=8764, stack(0x000000f39c4d0000,0x000000f39c6c0000)]
  0x000002e2ab493000 JavaThread "C2 CompilerThread1" daemon [_thread_blocked, id=10968, stack(0x000000f39c2e0000,0x000000f39c4d0000)]
  0x000002e2ab482800 JavaThread "C2 CompilerThread0" daemon [_thread_blocked, id=8160, stack(0x000000f39c0f0000,0x000000f39c2e0000)]
  0x000002e2aa6fb800 JavaThread "Attach Listener" daemon [_thread_blocked, id=5300, stack(0x000000f39bf00000,0x000000f39c0f0000)]
  0x000002e2aa6f9000 JavaThread "Signal Dispatcher" daemon [_thread_blocked, id=11644, stack(0x000000f39bd10000,0x000000f39bf00000)]
  0x000002e2aa6fa000 JavaThread "Finalizer" daemon [_thread_blocked, id=8740, stack(0x000000f39bb20000,0x000000f39bd10000)]
  0x000002e2aa6fa800 JavaThread "Reference Handler" daemon [_thread_blocked, id=2352, stack(0x000000f39b930000,0x000000f39bb20000)]
=>0x000002e2aa6f5800 JavaThread "main" [_thread_in_native, id=4572, stack(0x000000f39a000000,0x000000f39a1f0000)]

Other Threads:
  0x000002e2aa561000 VMThread [stack: 0x000000f39b740000,0x000000f39b930000] [id=4892]

VM state:at safepoint (normal execution)

VM Mutex/Monitor currently owned by a thread:  ([mutex/lock_event])
[0x000002e2aa7fb220] Threads_lock - owner thread: 0x000002e2aa561000

heap address: 0x0000000091400000, size: 1772 MB, Compressed Oops mode: 32-bit
Narrow klass base: 0x0000000000000000, Narrow klass shift: 3
Compressed class space size: 1073741824 Address: 0x0000000100000000

Heap:
 PSYoungGen      total 33280K, used 3441K [0x00000000db180000, 0x00000000dd680000, 0x0000000100000000)
  eden space 28672K, 12% used [0x00000000db180000,0x00000000db4dc408,0x00000000dcd80000)
  from space 4608K, 0% used [0x00000000dd200000,0x00000000dd200000,0x00000000dd680000)
  to   space 4608K, 0% used [0x00000000dcd80000,0x00000000dcd80000,0x00000000dd200000)
 ParOldGen       total 76800K, used 6673K [0x0000000091400000, 0x0000000095f00000, 0x00000000db180000)
  object space 76800K, 8% used [0x0000000091400000,0x0000000091a846c8,0x0000000095f00000)
 Metaspace       used 6267K, capacity 6524K, committed 6784K, reserved 1056768K
  class space    used 718K, capacity 813K, committed 896K, reserved 1048576K

Card table byte_map: [0x000002e2bbb10000,0x000002e2bbe90000] byte_map_base: 0x000002e2bb686000

Marking Bits: (ParMarkBitMap*) 0x00007ffcf3e0f200
 Begin Bits: [0x000002e2bc0e0000, 0x000002e2bdc90000)
 End Bits:   [0x000002e2bdc90000, 0x000002e2bf840000)

Polling page: 0x000002e2ac0a0000

CodeCache: size=245760Kb used=2747Kb max_used=2775Kb free=243012Kb
 bounds [0x000002e2ac750000, 0x000002e2aca10000, 0x000002e2bb750000]
 total_blobs=1041 nmethods=726 adapters=229
 compilation: enabled

Compilation events (10 events):
Event: 1.359 Thread 0x000002e2ab499000 nmethod 721 0x000002e2ac9f1bd0 code [0x000002e2ac9f1d20, 0x000002e2ac9f1e18]
Event: 1.363 Thread 0x000002e2ab493000  723       4       java.lang.CharacterData::of (120 bytes)
Event: 1.364 Thread 0x000002e2ab493000 nmethod 723 0x000002e2ac9f4b10 code [0x000002e2ac9f4c40, 0x000002e2ac9f4cb8]
Event: 1.371 Thread 0x000002e2ab499000  724       3       java.lang.Class::searchMethods (90 bytes)
Event: 1.373 Thread 0x000002e2ab499000 nmethod 724 0x000002e2ac9f3290 code [0x000002e2ac9f34e0, 0x000002e2ac9f4420]
Event: 1.374 Thread 0x000002e2ab499000  725       3       java.util.HashMap::putVal (300 bytes)
Event: 1.376 Thread 0x000002e2ab499000 nmethod 725 0x000002e2ac9f6250 code [0x000002e2ac9f64c0, 0x000002e2ac9f7760]
Event: 1.394 Thread 0x000002e2ab482800 nmethod 518 0x000002e2ac9fdd90 code [0x000002e2ac9fe180, 0x000002e2aca027e0]
Event: 1.446 Thread 0x000002e2ab499000  726       3       java.util.HashMap$HashIterator::hasNext (13 bytes)
Event: 1.446 Thread 0x000002e2ab499000 nmethod 726 0x000002e2ac9f2f10 code [0x000002e2ac9f3060, 0x000002e2ac9f3218]

GC Heap History (8 events):
Event: 0.720 GC heap before
{Heap before GC invocations=1 (full 0):
 PSYoungGen      total 33280K, used 4588K [0x00000000db180000, 0x00000000dd680000, 0x0000000100000000)
  eden space 28672K, 16% used [0x00000000db180000,0x00000000db5fb2c8,0x00000000dcd80000)
  from space 4608K, 0% used [0x00000000dd200000,0x00000000dd200000,0x00000000dd680000)
  to   space 4608K, 0% used [0x00000000dcd80000,0x00000000dcd80000,0x00000000dd200000)
 ParOldGen       total 76800K, used 0K [0x0000000091400000, 0x0000000095f00000, 0x00000000db180000)
  object space 76800K, 0% used [0x0000000091400000,0x0000000091400000,0x0000000095f00000)
 Metaspace       used 5093K, capacity 5260K, committed 5376K, reserved 1056768K
  class space    used 596K, capacity 670K, committed 768K, reserved 1048576K
Event: 0.724 GC heap after
Heap after GC invocations=1 (full 0):
 PSYoungGen      total 33280K, used 1088K [0x00000000db180000, 0x00000000dd680000, 0x0000000100000000)
  eden space 28672K, 0% used [0x00000000db180000,0x00000000db180000,0x00000000dcd80000)
  from space 4608K, 23% used [0x00000000dcd80000,0x00000000dce90000,0x00000000dd200000)
  to   space 4608K, 0% used [0x00000000dd200000,0x00000000dd200000,0x00000000dd680000)
 ParOldGen       total 76800K, used 8K [0x0000000091400000, 0x0000000095f00000, 0x00000000db180000)
  object space 76800K, 0% used [0x0000000091400000,0x0000000091402000,0x0000000095f00000)
 Metaspace       used 5093K, capacity 5260K, committed 5376K, reserved 1056768K
  class space    used 596K, capacity 670K, committed 768K, reserved 1048576K
}
Event: 0.724 GC heap before
{Heap before GC invocations=2 (full 1):
 PSYoungGen      total 33280K, used 1088K [0x00000000db180000, 0x00000000dd680000, 0x0000000100000000)
  eden space 28672K, 0% used [0x00000000db180000,0x00000000db180000,0x00000000dcd80000)
  from space 4608K, 23% used [0x00000000dcd80000,0x00000000dce90000,0x00000000dd200000)
  to   space 4608K, 0% used [0x00000000dd200000,0x00000000dd200000,0x00000000dd680000)
 ParOldGen       total 76800K, used 8K [0x0000000091400000, 0x0000000095f00000, 0x00000000db180000)
  object space 76800K, 0% used [0x0000000091400000,0x0000000091402000,0x0000000095f00000)
 Metaspace       used 5093K, capacity 5260K, committed 5376K, reserved 1056768K
  class space    used 596K, capacity 670K, committed 768K, reserved 1048576K
Event: 0.742 GC heap after
Heap after GC invocations=2 (full 1):
 PSYoungGen      total 33280K, used 0K [0x00000000db180000, 0x00000000dd680000, 0x0000000100000000)
  eden space 28672K, 0% used [0x00000000db180000,0x00000000db180000,0x00000000dcd80000)
  from space 4608K, 0% used [0x00000000dcd80000,0x00000000dcd80000,0x00000000dd200000)
  to   space 4608K, 0% used [0x00000000dd200000,0x00000000dd200000,0x00000000dd680000)
 ParOldGen       total 76800K, used 970K [0x0000000091400000, 0x0000000095f00000, 0x00000000db180000)
  object space 76800K, 1% used [0x0000000091400000,0x00000000914f2a98,0x0000000095f00000)
 Metaspace       used 5093K, capacity 5260K, committed 5376K, reserved 1056768K
  class space    used 596K, capacity 670K, committed 768K, reserved 1048576K
}
Event: 1.252 GC heap before
{Heap before GC invocations=3 (full 1):
 PSYoungGen      total 33280K, used 11216K [0x00000000db180000, 0x00000000dd680000, 0x0000000100000000)
  eden space 28672K, 39% used [0x00000000db180000,0x00000000dbc74190,0x00000000dcd80000)
  from space 4608K, 0% used [0x00000000dcd80000,0x00000000dcd80000,0x00000000dd200000)
  to   space 4608K, 0% used [0x00000000dd200000,0x00000000dd200000,0x00000000dd680000)
 ParOldGen       total 76800K, used 970K [0x0000000091400000, 0x0000000095f00000, 0x00000000db180000)
  object space 76800K, 1% used [0x0000000091400000,0x00000000914f2a98,0x0000000095f00000)
 Metaspace       used 6054K, capacity 6246K, committed 6528K, reserved 1056768K
  class space    used 697K, capacity 807K, committed 896K, reserved 1048576K
Event: 1.264 GC heap after
Heap after GC invocations=3 (full 1):
 PSYoungGen      total 33280K, used 4576K [0x00000000db180000, 0x00000000dd680000, 0x0000000100000000)
  eden space 28672K, 0% used [0x00000000db180000,0x00000000db180000,0x00000000dcd80000)
  from space 4608K, 99% used [0x00000000dd200000,0x00000000dd678298,0x00000000dd680000)
  to   space 4608K, 0% used [0x00000000dcd80000,0x00000000dcd80000,0x00000000dd200000)
 ParOldGen       total 76800K, used 2207K [0x0000000091400000, 0x0000000095f00000, 0x00000000db180000)
  object space 76800K, 2% used [0x0000000091400000,0x0000000091627da8,0x0000000095f00000)
 Metaspace       used 6054K, capacity 6246K, committed 6528K, reserved 1056768K
  class space    used 697K, capacity 807K, committed 896K, reserved 1048576K
}
Event: 1.264 GC heap before
{Heap before GC invocations=4 (full 2):
 PSYoungGen      total 33280K, used 4576K [0x00000000db180000, 0x00000000dd680000, 0x0000000100000000)
  eden space 28672K, 0% used [0x00000000db180000,0x00000000db180000,0x00000000dcd80000)
  from space 4608K, 99% used [0x00000000dd200000,0x00000000dd678298,0x00000000dd680000)
  to   space 4608K, 0% used [0x00000000dcd80000,0x00000000dcd80000,0x00000000dd200000)
 ParOldGen       total 76800K, used 2207K [0x0000000091400000, 0x0000000095f00000, 0x00000000db180000)
  object space 76800K, 2% used [0x0000000091400000,0x0000000091627da8,0x0000000095f00000)
 Metaspace       used 6054K, capacity 6246K, committed 6528K, reserved 1056768K
  class space    used 697K, capacity 807K, committed 896K, reserved 1048576K
Event: 1.337 GC heap after
Heap after GC invocations=4 (full 2):
 PSYoungGen      total 33280K, used 0K [0x00000000db180000, 0x00000000dd680000, 0x0000000100000000)
  eden space 28672K, 0% used [0x00000000db180000,0x00000000db180000,0x00000000dcd80000)
  from space 4608K, 0% used [0x00000000dd200000,0x00000000dd200000,0x00000000dd680000)
  to   space 4608K, 0% used [0x00000000dcd80000,0x00000000dcd80000,0x00000000dd200000)
 ParOldGen       total 76800K, used 6673K [0x0000000091400000, 0x0000000095f00000, 0x00000000db180000)
  object space 76800K, 8% used [0x0000000091400000,0x0000000091a846c8,0x0000000095f00000)
 Metaspace       used 6054K, capacity 6246K, committed 6528K, reserved 1056768K
  class space    used 697K, capacity 807K, committed 896K, reserved 1048576K
}

Deoptimization events (10 events):
Event: 0.865 Thread 0x000002e2aa6f5800 Uncommon trap: reason=unstable_if action=reinterpret pc=0x000002e2ac945674 method=java.util.HashMap.putVal(ILjava/lang/Object;Ljava/lang/Object;ZZ)Ljava/lang/Object; @ 81
Event: 0.958 Thread 0x000002e2aa6f5800 Uncommon trap: reason=unstable_if action=reinterpret pc=0x000002e2ac96c894 method=java.util.LinkedHashMap$LinkedHashIterator.hasNext()Z @ 4
Event: 0.972 Thread 0x000002e2aa6f5800 Uncommon trap: reason=unstable_if action=reinterpret pc=0x000002e2ac976da0 method=com.sun.nio.zipfs.ZipFileSystem.getParent([B)[B @ 21
Event: 0.972 Thread 0x000002e2aa6f5800 Uncommon trap: reason=unstable_if action=reinterpret pc=0x000002e2ac971e5c method=java.util.Arrays.equals([B[B)Z @ 2
Event: 0.991 Thread 0x000002e2aa6f5800 Uncommon trap: reason=unstable_if action=reinterpret pc=0x000002e2ac976310 method=java.util.Arrays.equals([B[B)Z @ 2
Event: 1.024 Thread 0x000002e2aa6f5800 Uncommon trap: reason=unstable_if action=reinterpret pc=0x000002e2ac96e42c method=java.util.Arrays.hashCode([B)I @ 1
Event: 1.026 Thread 0x000002e2aa6f5800 Uncommon trap: reason=unstable_if action=reinterpret pc=0x000002e2ac96d7fc method=java.util.LinkedHashMap.linkNodeLast(Ljava/util/LinkedHashMap$Entry;)V @ 11
Event: 1.364 Thread 0x000002e2aa6f5800 Uncommon trap: reason=unstable_if action=reinterpret pc=0x000002e2ac969c10 method=java.util.LinkedHashMap.linkNodeLast(Ljava/util/LinkedHashMap$Entry;)V @ 11
Event: 1.364 Thread 0x000002e2aa6f5800 Uncommon trap: reason=unstable_if action=reinterpret pc=0x000002e2ac944738 method=java.lang.AbstractStringBuilder.append(Ljava/lang/String;)Ljava/lang/AbstractStringBuilder; @ 1
Event: 1.371 Thread 0x000002e2aa6f5800 Uncommon trap: reason=unstable_if action=reinterpret pc=0x000002e2ac92ae80 method=java.lang.Class.searchMethods([Ljava/lang/reflect/Method;Ljava/lang/String;[Ljava/lang/Class;)Ljava/lang/reflect/Method; @ 47

Classes redefined (0 events):
No events

Internal exceptions (10 events):
Event: 0.075 Thread 0x000002e2aa6f5800 Exception <a 'java/lang/NoSuchMethodError': Method sun.misc.Unsafe.prefetchRead(Ljava/lang/Object;J)V name or signature does not match> (0x00000000db187fd0) thrown at [C:\jenkins\workspace\8-2-build-windows-x64-cygwin-sans-NAS\jdk8u421\1068\hotspot\src\sh
Event: 0.221 Thread 0x000002e2aa6f5800 Exception <a 'java/lang/NoClassDefFoundError': org/jpype/classloader/DynamicClassLoader> (0x00000000db1ee5d0) thrown at [C:\jenkins\workspace\8-2-build-windows-x64-cygwin-sans-NAS\jdk8u421\1068\hotspot\src\share\vm\classfile\systemDictionary.cpp, line 202
Event: 0.499 Thread 0x000002e2aa6f5800 Exception <a 'java/lang/NoSuchFieldError': method resolution failed> (0x00000000db3c1e80) thrown at [C:\jenkins\workspace\8-2-build-windows-x64-cygwin-sans-NAS\jdk8u421\1068\hotspot\src\share\vm\prims\methodHandles.cpp, line 1188]
Event: 0.504 Thread 0x000002e2aa6f5800 Exception <a 'java/lang/NoSuchFieldError': method resolution failed> (0x00000000db3cf668) thrown at [C:\jenkins\workspace\8-2-build-windows-x64-cygwin-sans-NAS\jdk8u421\1068\hotspot\src\share\vm\prims\methodHandles.cpp, line 1188]
Event: 0.870 Thread 0x000002e2aa6f5800 Exception <a 'java/security/PrivilegedActionException'> (0x00000000db3b4b90) thrown at [C:\jenkins\workspace\8-2-build-windows-x64-cygwin-sans-NAS\jdk8u421\1068\hotspot\src\share\vm\prims\jvm.cpp, line 1513]
Event: 0.871 Thread 0x000002e2aa6f5800 Exception <a 'java/security/PrivilegedActionException'> (0x00000000db3b4da0) thrown at [C:\jenkins\workspace\8-2-build-windows-x64-cygwin-sans-NAS\jdk8u421\1068\hotspot\src\share\vm\prims\jvm.cpp, line 1513]
Event: 1.023 Thread 0x000002e2aa6f5800 Implicit null exception at 0x000002e2ac96e317 to 0x000002e2ac96e419
Event: 1.026 Thread 0x000002e2aa6f5800 Implicit null exception at 0x000002e2ac96d472 to 0x000002e2ac96d7dd
Event: 1.364 Thread 0x000002e2aa6f5800 Implicit null exception at 0x000002e2ac969877 to 0x000002e2ac969be9
Event: 1.364 Thread 0x000002e2aa6f5800 Implicit null exception at 0x000002e2ac944396 to 0x000002e2ac94471d

Events (10 events):
Event: 1.379 loading class java/util/IdentityHashMap$KeyIterator
Event: 1.379 loading class java/util/IdentityHashMap$IdentityHashMapIterator
Event: 1.379 loading class java/util/IdentityHashMap$IdentityHashMapIterator done
Event: 1.380 loading class java/util/IdentityHashMap$KeyIterator done
Event: 1.380 Thread 0x000002e2aa6f7800 Thread added: 0x000002e2aa6f7800
Event: 1.401 Executing VM operation: ThreadDump
Event: 1.401 Executing VM operation: ThreadDump done
Event: 1.445 Thread 0x000002e2aa6f7000 Thread exited: 0x000002e2aa6f7000
Event: 1.446 Thread 0x000002e2aa6f7800 Thread exited: 0x000002e2aa6f7800
Event: 1.446 Executing VM operation: Exit


Dynamic libraries:
0x00007ff7ffb40000 - 0x00007ff7ffb5a000 	C:\Users\carlo\AppData\Local\Programs\Python\Python312\python.exe
0x00007ffd2cea0000 - 0x00007ffd2d0a9000 	C:\Windows\SYSTEM32\ntdll.dll
0x00007ffd2c050000 - 0x00007ffd2c10d000 	C:\Windows\System32\KERNEL32.DLL
0x00007ffd2a640000 - 0x00007ffd2a9c4000 	C:\Windows\System32\KERNELBASE.dll
0x00007ffd2a9d0000 - 0x00007ffd2aae1000 	C:\Windows\System32\ucrtbase.dll
0x00007ffcd0670000 - 0x00007ffcd0d18000 	C:\Users\carlo\AppData\Local\Programs\Python\Python312\python312.dll
0x00007ffd21a10000 - 0x00007ffd21a2d000 	C:\Users\carlo\AppData\Local\Programs\Python\Python312\VCRUNTIME140.dll
0x00007ffd2ca80000 - 0x00007ffd2caef000 	C:\Windows\System32\WS2_32.dll
0x00007ffd2ae30000 - 0x00007ffd2af51000 	C:\Windows\System32\RPCRT4.dll
0x00007ffd22d70000 - 0x00007ffd22d7a000 	C:\Windows\SYSTEM32\VERSION.dll
0x00007ffd2c120000 - 0x00007ffd2c1ce000 	C:\Windows\System32\ADVAPI32.dll
0x00007ffd2b410000 - 0x00007ffd2b4b3000 	C:\Windows\System32\msvcrt.dll
0x00007ffd2cbf0000 - 0x00007ffd2cc8e000 	C:\Windows\System32\sechost.dll
0x00007ffd29c70000 - 0x00007ffd29c97000 	C:\Windows\SYSTEM32\bcrypt.dll
0x00007ffd2a330000 - 0x00007ffd2a3af000 	C:\Windows\System32\bcryptprimitives.dll
0x000002e2a7290000 - 0x000002e2a729f000 	C:\Users\carlo\AppData\Local\Programs\Python\Python312\python3.DLL
0x00007ffd149f0000 - 0x00007ffd14a06000 	C:\Users\carlo\AppData\Local\Programs\Python\Python312\DLLs\_socket.pyd
0x00007ffd28e80000 - 0x00007ffd28ead000 	C:\Windows\SYSTEM32\IPHLPAPI.DLL
0x00007ffd1a6d0000 - 0x00007ffd1a6d9000 	C:\Users\carlo\AppData\Local\Programs\Python\Python312\DLLs\select.pyd
0x00007ffd08300000 - 0x00007ffd0832d000 	C:\Users\carlo\AppData\Local\Programs\Python\Python312\DLLs\_ssl.pyd
0x00007ffd2a4d0000 - 0x00007ffd2a632000 	C:\Windows\System32\CRYPT32.dll
0x00007ffcd0160000 - 0x00007ffcd0663000 	C:\Users\carlo\AppData\Local\Programs\Python\Python312\DLLs\libcrypto-3.dll
0x00007ffcdf040000 - 0x00007ffcdf103000 	C:\Users\carlo\AppData\Local\Programs\Python\Python312\DLLs\libssl-3.dll
0x00007ffd2b770000 - 0x00007ffd2b91d000 	C:\Windows\System32\USER32.dll
0x00007ffd2acc0000 - 0x00007ffd2ace6000 	C:\Windows\System32\win32u.dll
0x00007ffd2caf0000 - 0x00007ffd2cb1a000 	C:\Windows\System32\GDI32.dll
0x00007ffd2a3b0000 - 0x00007ffd2a4ce000 	C:\Windows\System32\gdi32full.dll
0x00007ffd2aaf0000 - 0x00007ffd2ab8d000 	C:\Windows\System32\msvcp_win.dll
0x00007ffd2af60000 - 0x00007ffd2af91000 	C:\Windows\System32\IMM32.DLL
0x00007ffd0fbb0000 - 0x00007ffd0fbc2000 	C:\Users\carlo\AppData\Local\Programs\Python\Python312\DLLs\_asyncio.pyd
0x00007ffd172b0000 - 0x00007ffd172be000 	C:\Users\carlo\AppData\Local\Programs\Python\Python312\DLLs\_overlapped.pyd
0x00007ffd29800000 - 0x00007ffd29867000 	C:\Windows\system32\mswsock.dll
0x00007ffd0ec20000 - 0x00007ffd0ec36000 	C:\Users\carlo\AppData\Local\Programs\Python\Python312\DLLs\_bz2.pyd
0x00007ffcf78d0000 - 0x00007ffcf78f9000 	C:\Users\carlo\AppData\Local\Programs\Python\Python312\DLLs\_lzma.pyd
0x00007ffd17d00000 - 0x00007ffd17d09000 	C:\Users\carlo\AppData\Local\Programs\Python\Python312\DLLs\_queue.pyd
0x00007ffcf6c10000 - 0x00007ffcf6c30000 	C:\Users\carlo\AppData\Local\Programs\Python\Python312\DLLs\_ctypes.pyd
0x00007ffd2b5d0000 - 0x00007ffd2b76a000 	C:\Windows\System32\ole32.dll
0x00007ffd2b090000 - 0x00007ffd2b406000 	C:\Windows\System32\combase.dll
0x00007ffd2afb0000 - 0x00007ffd2b086000 	C:\Windows\System32\OLEAUT32.dll
0x00007ffd0da10000 - 0x00007ffd0da1b000 	C:\Users\carlo\AppData\Local\Programs\Python\Python312\DLLs\libffi-8.dll
0x00007ffd2c1d0000 - 0x00007ffd2c995000 	C:\Windows\System32\shell32.DLL
0x00007ffd1c3a0000 - 0x00007ffd1c3ab000 	C:\Users\carlo\AppData\Local\Programs\Python\Python312\DLLs\_wmi.pyd
0x00007ffd1c380000 - 0x00007ffd1c38c000 	C:\Users\carlo\AppData\Local\Programs\Python\Python312\VCRUNTIME140_1.dll
0x00007ffd262a0000 - 0x00007ffd26397000 	C:\Windows\SYSTEM32\PROPSYS.dll
0x00007ffd0da20000 - 0x00007ffd0da2a000 	C:\Users\carlo\AppData\Local\Programs\Python\Python312\DLLs\_multiprocessing.pyd
0x00007ffcf6bf0000 - 0x00007ffcf6c01000 	C:\Users\carlo\AppData\Local\Programs\Python\Python312\DLLs\_hashlib.pyd
0x00007ffcf4cf0000 - 0x00007ffcf51c8000 	C:\Users\carlo\AppData\Local\Programs\Python\Python312\Lib\site-packages\pydantic_core\_pydantic_core.cp312-win_amd64.pyd
0x00007ffd299f0000 - 0x00007ffd299fc000 	C:\Windows\SYSTEM32\CRYPTBASE.DLL
0x00007ffd1bed0000 - 0x00007ffd1bf10000 	C:\Users\carlo\AppData\Local\Programs\Python\Python312\DLLs\_decimal.pyd
0x00007ffd269c0000 - 0x00007ffd269cd000 	C:\Users\carlo\AppData\Local\Programs\Python\Python312\DLLs\_zoneinfo.pyd
0x00007ffd17f10000 - 0x00007ffd17f18000 	C:\Users\carlo\AppData\Local\Programs\Python\Python312\DLLs\_uuid.pyd
0x00007ffd18280000 - 0x00007ffd182d5000 	C:\Users\carlo\AppData\Local\Programs\Python\Python312\Lib\site-packages\mariadb\_mariadb.cp312-win_amd64.pyd
0x00007ffd2cb90000 - 0x00007ffd2cbed000 	C:\Windows\System32\SHLWAPI.dll
0x00007ffd14980000 - 0x00007ffd1498c000 	C:\Windows\SYSTEM32\Secur32.dll
0x00007ffd295f0000 - 0x00007ffd29632000 	C:\Windows\SYSTEM32\SSPICLI.DLL
0x00007ffd24190000 - 0x00007ffd241c0000 	C:\Users\carlo\AppData\Local\Programs\Python\Python312\Lib\site-packages\sqlalchemy\cyextension\collections.cp312-win_amd64.pyd
0x00007ffd22610000 - 0x00007ffd22626000 	C:\Users\carlo\AppData\Local\Programs\Python\Python312\Lib\site-packages\sqlalchemy\cyextension\immutabledict.cp312-win_amd64.pyd
0x00007ffd21a40000 - 0x00007ffd21a54000 	C:\Users\carlo\AppData\Local\Programs\Python\Python312\Lib\site-packages\sqlalchemy\cyextension\processors.cp312-win_amd64.pyd
0x00007ffd21920000 - 0x00007ffd21934000 	C:\Users\carlo\AppData\Local\Programs\Python\Python312\Lib\site-packages\sqlalchemy\cyextension\resultproxy.cp312-win_amd64.pyd
0x00007ffd20810000 - 0x00007ffd20827000 	C:\Users\carlo\AppData\Local\Programs\Python\Python312\Lib\site-packages\sqlalchemy\cyextension\util.cp312-win_amd64.pyd
0x00007ffd29360000 - 0x00007ffd29378000 	C:\Windows\SYSTEM32\kernel.appcore.dll
0x00007ffd27350000 - 0x00007ffd273fc000 	C:\Windows\system32\uxtheme.dll
0x00007ffd2c9c0000 - 0x00007ffd2ca6f000 	C:\Windows\System32\clbcatq.dll
0x00007ffd19350000 - 0x00007ffd19373000 	C:\Windows\SYSTEM32\amsi.dll
0x00007ffd298a0000 - 0x00007ffd298cc000 	C:\Windows\SYSTEM32\USERENV.dll
0x00007ffd2a260000 - 0x00007ffd2a285000 	C:\Windows\SYSTEM32\profapi.dll
0x00007ffd192c0000 - 0x00007ffd19341000 	C:\ProgramData\Microsoft\Windows Defender\Platform\4.18.24080.9-0\MpOav.dll
0x00007ffd17d70000 - 0x00007ffd17daa000 	C:\Users\carlo\AppData\Local\Programs\Python\Python312\Lib\site-packages\greenlet\_greenlet.cp312-win_amd64.pyd
0x00007ffd10c00000 - 0x00007ffd10c76000 	C:\Users\carlo\AppData\Local\Programs\Python\Python312\Lib\site-packages\_jpype.cp312-win_amd64.pyd
0x00007ffd0f8d0000 - 0x00007ffd0f95d000 	C:\Windows\SYSTEM32\MSVCP140.dll
0x00007ffcf35e0000 - 0x00007ffcf3e89000 	C:\Program Files\Java\jre1.8.0_421\bin\server\jvm.dll
0x00007ffd2c110000 - 0x00007ffd2c118000 	C:\Windows\System32\PSAPI.DLL
0x00007ffce2f00000 - 0x00007ffce2f09000 	C:\Windows\SYSTEM32\WSOCK32.dll
0x00007ffd22ed0000 - 0x00007ffd22f03000 	C:\Windows\SYSTEM32\WINMM.dll
0x00007ffd21a30000 - 0x00007ffd21a40000 	C:\Program Files\Java\jre1.8.0_421\bin\verify.dll
0x00007ffd18200000 - 0x00007ffd1822b000 	C:\Program Files\Java\jre1.8.0_421\bin\java.dll
0x00007ffd1a5c0000 - 0x00007ffd1a5d8000 	C:\Program Files\Java\jre1.8.0_421\bin\zip.dll
0x00007ffd283c0000 - 0x00007ffd28c22000 	C:\Windows\SYSTEM32\windows.storage.dll
0x00007ffd28250000 - 0x00007ffd283b7000 	C:\Windows\SYSTEM32\wintypes.dll
0x00007ffd2cc90000 - 0x00007ffd2cd7a000 	C:\Windows\System32\SHCORE.dll
0x00007ffd1a530000 - 0x00007ffd1a54c000 	C:\Program Files\Java\jre1.8.0_421\bin\net.dll
0x00007ffd174d0000 - 0x00007ffd174e3000 	C:\Program Files\Java\jre1.8.0_421\bin\nio.dll
0x00007ffd21670000 - 0x00007ffd21891000 	C:\Windows\SYSTEM32\dbghelp.dll

VM Arguments:
java_command: <unknown>
java_class_path (initial): C:/DEV/PROYECTOS/PYTHON/JDBCFastAPI/lib/mariadb-java-client-3.4.1.jar
Launcher Type: generic

Environment Variables:
JAVA_HOME=C:\DEV\CORE\JAVA\JDK\ORACLE\jdk-23_windows-x64_bin.zip
PATH=C:\Program Files\Common Files\Oracle\Java\javapath;C:\Program Files (x86)\Common Files\Oracle\Java\java8path;C:\Program Files (x86)\Common Files\Oracle\Java\javapath;C:\Windows\system32;C:\Windows;C:\Windows\System32\Wbem;C:\Windows\System32\WindowsPowerShell\v1.0\;C:\Windows\System32\OpenSSH\;C:\Program Files\Git\cmd;C:\Program Files\Docker\Docker\resources\bin;C:\Users\carlo\AppData\Local\Programs\Python\Python312\Scripts\;C:\Users\carlo\AppData\Local\Programs\Python\Python312\;C:\Users\carlo\AppData\Local\Programs\Python\Launcher\;C:\Users\carlo\.console-ninja\.bin;C:\Users\carlo\AppData\Local\Microsoft\WindowsApps;C:\Users\carlo\AppData\Local\Programs\Microsoft VS Code\bin;JAVA_HOME;
USERNAME=carlo
OS=Windows_NT
PROCESSOR_IDENTIFIER=AMD64 Family 21 Model 96 Stepping 1, AuthenticAMD



---------------  S Y S T E M  ---------------

OS: Windows 11 , 64 bit Build 22000 (10.0.22000.2538)

CPU:total 4 (initial active 4) (4 cores per cpu, 1 threads per core) family 21 model 96 stepping 1, cmov, cx8, fxsr, mmx, sse, sse2, sse3, ssse3, sse4.1, sse4.2, popcnt, avx, avx2, aes, clmul, mmxext, 3dnowpref, lzcnt, sse4a, tsc, tscinvbit, tscinv, bmi1

Memory: 4k page, physical 7252412k(1367516k free), swap 11984228k(2004864k free)

vm_info: Java HotSpot(TM) 64-Bit Server VM (25.421-b09) for windows-amd64 JRE (1.8.0_421-b09), built on Jun  5 2024 13:01:06 by "java_re" with MS VC++ 17.6 (VS2022)

time: Thu Oct 17 23:40:33 2024
timezone: Hora de verano romance
elapsed time: 1.540844 seconds (0d 0h 0m 1s)

